# JRE version: OpenJDK Runtime Environment Temurin-21.0.9+10 (21.0.9+10) (build 21.0.9+10-LTS)
# Java VM: OpenJDK 64-Bit Server VM Temurin-21.0.9+10 (21.0.9+10-LTS, mixed mode, sharing, tiered, compressed oops, compressed class ptrs, parallel gc, windows-amd64)
GC Precious Log:
 CardTable entry size: 512
 CPUs: 4 total, 4 available
 Memory: 3918M
 Large Page Support: Disabled
 NUMA Support: Disabled
 Compressed Oops: Enabled (32-bit)
 Alignments: Space 512K, Generation 512K, Heap 2M
 Heap Min Capacity: 100M
 Heap Initial Capacity: 100M
 Heap Max Capacity: 2G
 Pre-touch: Disabled
 Parallel Workers: 4
Heap:
 PSYoungGen      total 10240K, used 7875K [0x00000000d5580000, 0x00000000d6100000, 0x0000000100000000)
  eden space 8704K, 75% used [0x00000000d5580000,0x00000000d5be8590,0x00000000d5e00000)
  from space 1536K, 85% used [0x00000000d5e00000,0x00000000d5f48758,0x00000000d5f80000)
  to   space 1536K, 0% used [0x00000000d5f80000,0x00000000d5f80000,0x00000000d6100000)
 ParOldGen       total 214016K, used 213609K [0x0000000080000000, 0x000000008d100000, 0x00000000d5580000)
  object space 214016K, 99% used [0x0000000080000000,0x000000008d09a748,0x000000008d100000)
 Metaspace       used 74040K, committed 75584K, reserved 1179648K
  class space    used 7917K, committed 8576K, reserved 1048576K
GC Heap History (20 events):
Event: 130.930 GC heap before
{Heap before GC invocations=213 (full 3):
 PSYoungGen      total 10752K, used 10752K [0x00000000d5580000, 0x00000000d6280000, 0x0000000100000000)
  eden space 10240K, 100% used [0x00000000d5580000,0x00000000d5f80000,0x00000000d5f80000)
  from space 512K, 100% used [0x00000000d6080000,0x00000000d6100000,0x00000000d6100000)
  to   space 1536K, 0% used [0x00000000d6100000,0x00000000d6100000,0x00000000d6280000)
 ParOldGen       total 208384K, used 208193K [0x0000000080000000, 0x000000008cb80000, 0x00000000d5580000)
  object space 208384K, 99% used [0x0000000080000000,0x000000008cb505f8,0x000000008cb80000)
 Metaspace       used 68201K, committed 69696K, reserved 1114112K
  class space    used 7229K, committed 7872K, reserved 1048576K
}
Event: 130.933 GC heap after
{Heap after GC invocations=213 (full 3):
 PSYoungGen      total 11264K, used 969K [0x00000000d5580000, 0x00000000d6200000, 0x0000000100000000)
  eden space 10240K, 0% used [0x00000000d5580000,0x00000000d5580000,0x00000000d5f80000)
  from space 1024K, 94% used [0x00000000d6100000,0x00000000d61f2420,0x00000000d6200000)
  to   space 1024K, 0% used [0x00000000d6000000,0x00000000d6000000,0x00000000d6100000)
 ParOldGen       total 208896K, used 208667K [0x0000000080000000, 0x000000008cc00000, 0x00000000d5580000)
  object space 208896K, 99% used [0x0000000080000000,0x000000008cbc6d80,0x000000008cc00000)
 Metaspace       used 68201K, committed 69696K, reserved 1114112K
  class space    used 7229K, committed 7872K, reserved 1048576K
}
Event: 340.483 GC heap before
{Heap before GC invocations=214 (full 3):
 PSYoungGen      total 11264K, used 11209K [0x00000000d5580000, 0x00000000d6200000, 0x0000000100000000)
  eden space 10240K, 100% used [0x00000000d5580000,0x00000000d5f80000,0x00000000d5f80000)
  from space 1024K, 94% used [0x00000000d6100000,0x00000000d61f2420,0x00000000d6200000)
  to   space 1024K, 0% used [0x00000000d6000000,0x00000000d6000000,0x00000000d6100000)
 ParOldGen       total 208896K, used 208667K [0x0000000080000000, 0x000000008cc00000, 0x00000000d5580000)
  object space 208896K, 99% used [0x0000000080000000,0x000000008cbc6d80,0x000000008cc00000)
 Metaspace       used 68776K, committed 70272K, reserved 1114112K
  class space    used 7298K, committed 7936K, reserved 1048576K
}
Event: 340.562 GC heap after
{Heap after GC invocations=214 (full 3):
 PSYoungGen      total 11264K, used 560K [0x00000000d5580000, 0x00000000d6180000, 0x0000000100000000)
  eden space 10240K, 0% used [0x00000000d5580000,0x00000000d5580000,0x00000000d5f80000)
  from space 1024K, 54% used [0x00000000d6000000,0x00000000d608c030,0x00000000d6100000)
  to   space 512K, 0% used [0x00000000d6100000,0x00000000d6100000,0x00000000d6180000)
 ParOldGen       total 209408K, used 209123K [0x0000000080000000, 0x000000008cc80000, 0x00000000d5580000)
  object space 209408K, 99% used [0x0000000080000000,0x000000008cc38d90,0x000000008cc80000)
 Metaspace       used 68776K, committed 70272K, reserved 1114112K
  class space    used 7298K, committed 7936K, reserved 1048576K
}
Event: 340.975 GC heap before
{Heap before GC invocations=215 (full 3):
 PSYoungGen      total 11264K, used 10800K [0x00000000d5580000, 0x00000000d6180000, 0x0000000100000000)
  eden space 10240K, 100% used [0x00000000d5580000,0x00000000d5f80000,0x00000000d5f80000)
  from space 1024K, 54% used [0x00000000d6000000,0x00000000d608c030,0x00000000d6100000)
  to   space 512K, 0% used [0x00000000d6100000,0x00000000d6100000,0x00000000d6180000)
 ParOldGen       total 209408K, used 209123K [0x0000000080000000, 0x000000008cc80000, 0x00000000d5580000)
  object space 209408K, 99% used [0x0000000080000000,0x000000008cc38d90,0x000000008cc80000)
 Metaspace       used 68782K, committed 70272K, reserved 1114112K
  class space    used 7298K, committed 7936K, reserved 1048576K
}
Event: 340.983 GC heap after
{Heap after GC invocations=215 (full 3):
 PSYoungGen      total 9216K, used 482K [0x00000000d5580000, 0x00000000d6580000, 0x0000000100000000)
  eden space 8704K, 0% used [0x00000000d5580000,0x00000000d5580000,0x00000000d5e00000)
  from space 512K, 94% used [0x00000000d6100000,0x00000000d6178b48,0x00000000d6180000)
  to   space 3072K, 0% used [0x00000000d5e00000,0x00000000d5e00000,0x00000000d6100000)
 ParOldGen       total 211456K, used 211162K [0x0000000080000000, 0x000000008ce80000, 0x00000000d5580000)
  object space 211456K, 99% used [0x0000000080000000,0x000000008ce36b68,0x000000008ce80000)
 Metaspace       used 68782K, committed 70272K, reserved 1114112K
  class space    used 7298K, committed 7936K, reserved 1048576K
}
Event: 341.460 GC heap before
{Heap before GC invocations=216 (full 3):
 PSYoungGen      total 9216K, used 9186K [0x00000000d5580000, 0x00000000d6580000, 0x0000000100000000)
  eden space 8704K, 100% used [0x00000000d5580000,0x00000000d5e00000,0x00000000d5e00000)
  from space 512K, 94% used [0x00000000d6100000,0x00000000d6178b48,0x00000000d6180000)
  to   space 3072K, 0% used [0x00000000d5e00000,0x00000000d5e00000,0x00000000d6100000)
 ParOldGen       total 211456K, used 211162K [0x0000000080000000, 0x000000008ce80000, 0x00000000d5580000)
  object space 211456K, 99% used [0x0000000080000000,0x000000008ce36b68,0x000000008ce80000)
 Metaspace       used 68782K, committed 70272K, reserved 1114112K
  class space    used 7298K, committed 7936K, reserved 1048576K
}
Event: 341.461 GC heap after
{Heap after GC invocations=216 (full 3):
 PSYoungGen      total 9216K, used 196K [0x00000000d5580000, 0x00000000d6180000, 0x0000000100000000)
  eden space 8704K, 0% used [0x00000000d5580000,0x00000000d5580000,0x00000000d5e00000)
  from space 512K, 38% used [0x00000000d5e00000,0x00000000d5e311f0,0x00000000d5e80000)
  to   space 1536K, 0% used [0x00000000d6000000,0x00000000d6000000,0x00000000d6180000)
 ParOldGen       total 211456K, used 211218K [0x0000000080000000, 0x000000008ce80000, 0x00000000d5580000)
  object space 211456K, 99% used [0x0000000080000000,0x000000008ce44b68,0x000000008ce80000)
 Metaspace       used 68782K, committed 70272K, reserved 1114112K
  class space    used 7298K, committed 7936K, reserved 1048576K
}
Event: 344.314 GC heap before
{Heap before GC invocations=217 (full 3):
 PSYoungGen      total 9216K, used 8898K [0x00000000d5580000, 0x00000000d6180000, 0x0000000100000000)
  eden space 8704K, 99% used [0x00000000d5580000,0x00000000d5dff740,0x00000000d5e00000)
  from space 512K, 38% used [0x00000000d5e00000,0x00000000d5e311f0,0x00000000d5e80000)
  to   space 1536K, 0% used [0x00000000d6000000,0x00000000d6000000,0x00000000d6180000)
 ParOldGen       total 211456K, used 211218K [0x0000000080000000, 0x000000008ce80000, 0x00000000d5580000)
  object space 211456K, 99% used [0x0000000080000000,0x000000008ce44b68,0x000000008ce80000)
 Metaspace       used 69121K, committed 70656K, reserved 1114112K
  class space    used 7328K, committed 8000K, reserved 1048576K
}
Event: 344.320 GC heap after
{Heap after GC invocations=217 (full 3):
 PSYoungGen      total 9216K, used 312K [0x00000000d5580000, 0x00000000d6080000, 0x0000000100000000)
  eden space 8704K, 0% used [0x00000000d5580000,0x00000000d5580000,0x00000000d5e00000)
  from space 512K, 61% used [0x00000000d6000000,0x00000000d604e3f0,0x00000000d6080000)
  to   space 512K, 0% used [0x00000000d5e00000,0x00000000d5e00000,0x00000000d5e80000)
 ParOldGen       total 211456K, used 211274K [0x0000000080000000, 0x000000008ce80000, 0x00000000d5580000)
  object space 211456K, 99% used [0x0000000080000000,0x000000008ce52b68,0x000000008ce80000)
 Metaspace       used 69121K, committed 70656K, reserved 1114112K
  class space    used 7328K, committed 8000K, reserved 1048576K
}
Event: 345.152 GC heap before
{Heap before GC invocations=218 (full 3):
 PSYoungGen      total 9216K, used 9016K [0x00000000d5580000, 0x00000000d6080000, 0x0000000100000000)
  eden space 8704K, 100% used [0x00000000d5580000,0x00000000d5e00000,0x00000000d5e00000)
  from space 512K, 61% used [0x00000000d6000000,0x00000000d604e3f0,0x00000000d6080000)
  to   space 512K, 0% used [0x00000000d5e00000,0x00000000d5e00000,0x00000000d5e80000)
 ParOldGen       total 211456K, used 211274K [0x0000000080000000, 0x000000008ce80000, 0x00000000d5580000)
  object space 211456K, 99% used [0x0000000080000000,0x000000008ce52b68,0x000000008ce80000)
 Metaspace       used 70277K, committed 71872K, reserved 1114112K
  class space    used 7458K, committed 8128K, reserved 1048576K
}
Event: 345.154 GC heap after
{Heap after GC invocations=218 (full 3):
 PSYoungGen      total 9216K, used 337K [0x00000000d5580000, 0x00000000d6080000, 0x0000000100000000)
  eden space 8704K, 0% used [0x00000000d5580000,0x00000000d5580000,0x00000000d5e00000)
  from space 512K, 65% used [0x00000000d5e00000,0x00000000d5e545c8,0x00000000d5e80000)
  to   space 512K, 0% used [0x00000000d6000000,0x00000000d6000000,0x00000000d6080000)
 ParOldGen       total 211968K, used 211466K [0x0000000080000000, 0x000000008cf00000, 0x00000000d5580000)
  object space 211968K, 99% used [0x0000000080000000,0x000000008ce82b68,0x000000008cf00000)
 Metaspace       used 70277K, committed 71872K, reserved 1114112K
  class space    used 7458K, committed 8128K, reserved 1048576K
}
Event: 345.720 GC heap before
{Heap before GC invocations=219 (full 3):
 PSYoungGen      total 9216K, used 9041K [0x00000000d5580000, 0x00000000d6080000, 0x0000000100000000)
  eden space 8704K, 100% used [0x00000000d5580000,0x00000000d5e00000,0x00000000d5e00000)
  from space 512K, 65% used [0x00000000d5e00000,0x00000000d5e545c8,0x00000000d5e80000)
  to   space 512K, 0% used [0x00000000d6000000,0x00000000d6000000,0x00000000d6080000)
 ParOldGen       total 211968K, used 211526K [0x0000000080000000, 0x000000008cf00000, 0x00000000d5580000)
  object space 211968K, 99% used [0x0000000080000000,0x000000008ce919e8,0x000000008cf00000)
 Metaspace       used 71071K, committed 72640K, reserved 1114112K
  class space    used 7611K, committed 8256K, reserved 1048576K
}
Event: 345.722 GC heap after
{Heap after GC invocations=219 (full 3):
 PSYoungGen      total 9216K, used 331K [0x00000000d5580000, 0x00000000d6080000, 0x0000000100000000)
  eden space 8704K, 0% used [0x00000000d5580000,0x00000000d5580000,0x00000000d5e00000)
  from space 512K, 64% used [0x00000000d6000000,0x00000000d6052e60,0x00000000d6080000)
  to   space 512K, 0% used [0x00000000d5e00000,0x00000000d5e00000,0x00000000d5e80000)
 ParOldGen       total 211968K, used 211741K [0x0000000080000000, 0x000000008cf00000, 0x00000000d5580000)
  object space 211968K, 99% used [0x0000000080000000,0x000000008cec75c8,0x000000008cf00000)
 Metaspace       used 71071K, committed 72640K, reserved 1114112K
  class space    used 7611K, committed 8256K, reserved 1048576K
}
Event: 345.945 GC heap before
{Heap before GC invocations=220 (full 3):
 PSYoungGen      total 9216K, used 9035K [0x00000000d5580000, 0x00000000d6080000, 0x0000000100000000)
  eden space 8704K, 99% used [0x00000000d5580000,0x00000000d5dffff8,0x00000000d5e00000)
  from space 512K, 64% used [0x00000000d6000000,0x00000000d6052e60,0x00000000d6080000)
  to   space 512K, 0% used [0x00000000d5e00000,0x00000000d5e00000,0x00000000d5e80000)
 ParOldGen       total 211968K, used 211744K [0x0000000080000000, 0x000000008cf00000, 0x00000000d5580000)
  object space 211968K, 99% used [0x0000000080000000,0x000000008cec8080,0x000000008cf00000)
 Metaspace       used 72192K, committed 73792K, reserved 1179648K
  class space    used 7727K, committed 8384K, reserved 1048576K
}
Event: 345.951 GC heap after
{Heap after GC invocations=220 (full 3):
 PSYoungGen      total 9216K, used 420K [0x00000000d5580000, 0x00000000d6080000, 0x0000000100000000)
  eden space 8704K, 0% used [0x00000000d5580000,0x00000000d5580000,0x00000000d5e00000)
  from space 512K, 82% used [0x00000000d5e00000,0x00000000d5e69268,0x00000000d5e80000)
  to   space 512K, 0% used [0x00000000d6000000,0x00000000d6000000,0x00000000d6080000)
 ParOldGen       total 211968K, used 211963K [0x0000000080000000, 0x000000008cf00000, 0x00000000d5580000)
  object space 211968K, 99% used [0x0000000080000000,0x000000008cefef00,0x000000008cf00000)
 Metaspace       used 72192K, committed 73792K, reserved 1179648K
  class space    used 7727K, committed 8384K, reserved 1048576K
}
Event: 347.150 GC heap before
{Heap before GC invocations=221 (full 3):
 PSYoungGen      total 9216K, used 9124K [0x00000000d5580000, 0x00000000d6080000, 0x0000000100000000)
  eden space 8704K, 100% used [0x00000000d5580000,0x00000000d5e00000,0x00000000d5e00000)
  from space 512K, 82% used [0x00000000d5e00000,0x00000000d5e69268,0x00000000d5e80000)
  to   space 512K, 0% used [0x00000000d6000000,0x00000000d6000000,0x00000000d6080000)
 ParOldGen       total 211968K, used 211963K [0x0000000080000000, 0x000000008cf00000, 0x00000000d5580000)
  object space 211968K, 99% used [0x0000000080000000,0x000000008cefef00,0x000000008cf00000)
 Metaspace       used 72804K, committed 74368K, reserved 1179648K
  class space    used 7792K, committed 8448K, reserved 1048576K
}
Event: 347.169 GC heap after
{Heap after GC invocations=221 (full 3):
 PSYoungGen      total 9216K, used 512K [0x00000000d5580000, 0x00000000d6200000, 0x0000000100000000)
  eden space 8704K, 0% used [0x00000000d5580000,0x00000000d5580000,0x00000000d5e00000)
  from space 512K, 100% used [0x00000000d6000000,0x00000000d6080000,0x00000000d6080000)
  to   space 2048K, 0% used [0x00000000d5e00000,0x00000000d5e00000,0x00000000d6000000)
 ParOldGen       total 213504K, used 213103K [0x0000000080000000, 0x000000008d080000, 0x00000000d5580000)
  object space 213504K, 99% used [0x0000000080000000,0x000000008d01bf88,0x000000008d080000)
 Metaspace       used 72804K, committed 74368K, reserved 1179648K
  class space    used 7792K, committed 8448K, reserved 1048576K
}
Event: 347.918 GC heap before
{Heap before GC invocations=222 (full 3):
 PSYoungGen      total 9216K, used 9216K [0x00000000d5580000, 0x00000000d6200000, 0x0000000100000000)
  eden space 8704K, 100% used [0x00000000d5580000,0x00000000d5e00000,0x00000000d5e00000)
  from space 512K, 100% used [0x00000000d6000000,0x00000000d6080000,0x00000000d6080000)
  to   space 2048K, 0% used [0x00000000d5e00000,0x00000000d5e00000,0x00000000d6000000)
 ParOldGen       total 213504K, used 213103K [0x0000000080000000, 0x000000008d080000, 0x00000000d5580000)
  object space 213504K, 99% used [0x0000000080000000,0x000000008d01bf88,0x000000008d080000)
 Metaspace       used 73574K, committed 75136K, reserved 1179648K
  class space    used 7874K, committed 8512K, reserved 1048576K
}
Event: 347.924 GC heap after
{Heap after GC invocations=222 (full 3):
 PSYoungGen      total 10240K, used 1313K [0x00000000d5580000, 0x00000000d6100000, 0x0000000100000000)
  eden space 8704K, 0% used [0x00000000d5580000,0x00000000d5580000,0x00000000d5e00000)
  from space 1536K, 85% used [0x00000000d5e00000,0x00000000d5f48758,0x00000000d5f80000)
  to   space 1536K, 0% used [0x00000000d5f80000,0x00000000d5f80000,0x00000000d6100000)
 ParOldGen       total 214016K, used 213609K [0x0000000080000000, 0x000000008d100000, 0x00000000d5580000)
  object space 214016K, 99% used [0x0000000080000000,0x000000008d09a748,0x000000008d100000)
 Metaspace       used 73574K, committed 75136K, reserved 1179648K
  class space    used 7874K, committed 8512K, reserved 1048576K
}

